<?xml version="1.0" encoding="UTF-8"?>
<persistence version="2.1" xmlns="http://xmlns.jcp.org/xml/ns/persistence" xmlns:xsi="http://www.w3.org/2001/XMLSchema-instance" xsi:schemaLocation="http://xmlns.jcp.org/xml/ns/persistence http://xmlns.jcp.org/xml/ns/persistence/persistence_2_1.xsd">
  <persistence-unit name="kore-arquillian-ejb" transaction-type="JTA">
    <jta-data-source>java:app/datasource</jta-data-source>
    <exclude-unlisted-classes>false</exclude-unlisted-classes>
    <properties>
      <property name="javax.persistence.schema-generation.database.action" value="create"/>
      <property name="javax.persistence.schema-generation.create-source" value="script" />
      <property name="javax.persistence.schema-generation.create-script-source" value="META-INF/create.sql" />
      <property name="hibernate.show_sql" value="true" />
      <!-- <property name="hibernate.dialect" value="org.hibernate.dialect.PostgreSQL82Dialect" /> -->
    </properties>
  </persistence-unit>
</persistence>
